# Ubuntu package list
# Format: [source:]package_name or [source:]package_name|condition
# Sources: apt (default), snap, flatpak
# Comments start with #

# --- Base System ---
git
curl
wget
vim
nano
htop
tree
unzip
zip
software-properties-common

# --- Development Tools ---
build-essential
gcc
make
cmake
nodejs
npm
python3
python3-pip
apt:rustc
apt:golang-go

# --- Terminal and Shell ---
zsh
fish
tmux
apt:alacritty
apt:kitty

# --- Wayland and Graphics ---
wayland-protocols
libwayland-dev
libwayland-client0
libwayland-cursor0
libwayland-server0

# --- Multimedia ---
apt:gimp
apt:vlc
apt:ffmpeg
apt:imagemagick

# --- Snap Packages ---
snap:code
snap:discord
snap:firefox

# --- Flatpak Packages ---
flatpak:org.mozilla.firefox
flatpak:com.discordapp.Discord
flatpak:org.gimp.GIMP

# --- Hardware Specific ---
apt:nvidia-driver-535|nvidia

# --- Virtual Machine ---
apt:qemu-guest-agent|vm
apt:spice-vdagent|vm